<?xml version="1.0" encoding="UTF-8"?>
<!-- Generated by org.testng.reporters.JUnitReportReporter -->
<testsuite hostname="Akkis-Mac.local" failures="0" tests="3" name="com.qa.hubspot.tests.LoginPageTest" time="19.750" errors="0" timestamp="09 Mar 2020 17:07:40 GMT" skipped="0">
  <testcase classname="com.qa.hubspot.tests.LoginPageTest" name="verifyLoginPage_TitleTest" time="8.292"/>
  <testcase classname="com.qa.hubspot.tests.LoginPageTest" name="verifyLoginPage_SignUpLinkDisplayTest" time="0.124"/>
  <testcase classname="com.qa.hubspot.tests.LoginPageTest" name="verifyLoginPage_LoginClickTest" time="11.334"/>
</testsuite> <!-- com.qa.hubspot.tests.LoginPageTest -->
