<?xml version="1.0" encoding="UTF-8"?>
<!-- Generated by org.testng.reporters.JUnitReportReporter -->
<testsuite hostname="Akkis-Mac.local" failures="0" tests="1" name="Selenium.Practice.Zoopla" time="7.886" errors="0" timestamp="11 Apr 2020 07:50:01 GMT" skipped="0">
  <testcase classname="Selenium.Practice.Zoopla" name="siteTest1" time="7.886"/>
</testsuite> <!-- Selenium.Practice.Zoopla -->
