<?xml version="1.0" encoding="UTF-8"?>
<!-- Generated by org.testng.reporters.JUnitReportReporter -->
<testsuite hostname="Akkis-Mac.local" failures="0" tests="2" name="com.qa.hubspot.tests.HomePageTest" time="0.373" errors="0" timestamp="09 Mar 2020 17:07:40 GMT" skipped="0">
  <testcase classname="com.qa.hubspot.tests.HomePageTest" name="verifyHomePage_TitleTest" time="0.243"/>
  <testcase classname="com.qa.hubspot.tests.HomePageTest" name="verifyHomePage_HeaderTest" time="0.130"/>
</testsuite> <!-- com.qa.hubspot.tests.HomePageTest -->
