<?xml version="1.0" encoding="UTF-8"?>
<!-- Generated by org.testng.reporters.JUnitReportReporter -->
<testsuite hostname="Akkis-Mac.local" failures="0" tests="1" name="Selenium.Practice.PallaviSample" time="1.597" errors="0" timestamp="08 Jun 2020 15:14:36 GMT" skipped="0">
  <testcase classname="Selenium.Practice.PallaviSample" name="webTable" time="1.597"/>
</testsuite> <!-- Selenium.Practice.PallaviSample -->
