<?xml version="1.0" encoding="UTF-8"?>
<!-- Generated by org.testng.reporters.JUnitReportReporter -->
<testsuite hostname="Akkis-Mac.local" failures="0" tests="1" name="Selenium.Practice.MakeMyTrip" time="1.550" errors="0" timestamp="05 Apr 2020 10:05:57 GMT" skipped="0">
  <testcase classname="Selenium.Practice.MakeMyTrip" name="siteTest" time="1.550"/>
</testsuite> <!-- Selenium.Practice.MakeMyTrip -->
